<?xml version="1.0" encoding="UTF-8"?>
<testng-results ignored="0" total="2" passed="2" failed="0" skipped="0">
  <reporter-output>
  </reporter-output>
  <suite started-at="2023-02-13T21:24:56 IST" name="Default suite" finished-at="2023-02-13T21:25:19 IST" duration-ms="22751">
    <groups>
    </groups>
    <test started-at="2023-02-13T21:24:56 IST" name="Default test" finished-at="2023-02-13T21:25:19 IST" duration-ms="22751">
      <class name="TestCases.VerifyLogin">
        <test-method is-config="true" signature="openurl()[pri:0, instance:TestCases.VerifyLogin@7193666c]" started-at="2023-02-13T21:24:56 IST" name="openurl" finished-at="2023-02-13T21:25:07 IST" duration-ms="10788" status="PASS">
          <reporter-output>
          </reporter-output>
        </test-method> <!-- openurl -->
        <test-method signature="Login(java.lang.String,java.lang.String)[pri:0, instance:TestCases.VerifyLogin@7193666c]" started-at="2023-02-13T21:25:07 IST" name="Login" data-provider="testData" finished-at="2023-02-13T21:25:10 IST" duration-ms="2983" status="PASS">
          <params>
            <param index="0">
              <value>
                <![CDATA[Kundan]]>
              </value>
            </param>
            <param index="1">
              <value>
                <![CDATA[Kashyap@12]]>
              </value>
            </param>
          </params>
          <reporter-output>
          </reporter-output>
        </test-method> <!-- Login -->
        <test-method is-config="true" signature="closeBrowser()[pri:0, instance:TestCases.VerifyLogin@7193666c]" started-at="2023-02-13T21:25:10 IST" name="closeBrowser" finished-at="2023-02-13T21:25:11 IST" duration-ms="687" status="PASS">
          <reporter-output>
          </reporter-output>
        </test-method> <!-- closeBrowser -->
        <test-method is-config="true" signature="openurl()[pri:0, instance:TestCases.VerifyLogin@7193666c]" started-at="2023-02-13T21:25:11 IST" name="openurl" finished-at="2023-02-13T21:25:16 IST" duration-ms="5012" status="PASS">
          <reporter-output>
          </reporter-output>
        </test-method> <!-- openurl -->
        <test-method signature="Login(java.lang.String,java.lang.String)[pri:0, instance:TestCases.VerifyLogin@7193666c]" started-at="2023-02-13T21:25:16 IST" name="Login" data-provider="testData" finished-at="2023-02-13T21:25:18 IST" duration-ms="2487" status="PASS">
          <params>
            <param index="0">
              <value>
                <![CDATA[Kunal]]>
              </value>
            </param>
            <param index="1">
              <value>
                <![CDATA[Konal@23]]>
              </value>
            </param>
          </params>
          <reporter-output>
          </reporter-output>
        </test-method> <!-- Login -->
        <test-method is-config="true" signature="closeBrowser()[pri:0, instance:TestCases.VerifyLogin@7193666c]" started-at="2023-02-13T21:25:18 IST" name="closeBrowser" finished-at="2023-02-13T21:25:19 IST" duration-ms="692" status="PASS">
          <reporter-output>
          </reporter-output>
        </test-method> <!-- closeBrowser -->
      </class> <!-- TestCases.VerifyLogin -->
    </test> <!-- Default test -->
  </suite> <!-- Default suite -->
</testng-results>
